<?xml version="1.0" encoding="UTF-8"?>
<!-- Generated by org.testng.reporters.JUnitXMLReporter -->
<testsuite hostname="DESKTOP-CM6S6TJ" ignored="0" name="Command line test" tests="2" failures="1" timestamp="29 Dec 2020 05:35:33 GMT" time="20.434" errors="0">
  <testcase name="validUserShouldBeAbleToLogin" time="4.796" classname="test.LoginTest"/>
  <testcase name="invalidUserShouldBeAbleToLogin" time="4.648" classname="test.LoginTest">
    <failure type="java.lang.AssertionError" message="Invalid User was able to login!! expected [false] but found [true]">
      <![CDATA[java.lang.AssertionError: Invalid User was able to login!! expected [false] but found [true]
at test.LoginTest.invalidUserShouldBeAbleToLogin(LoginTest.java:67)
... Removed 37 stack frames]]>
    </failure>
  </testcase> <!-- invalidUserShouldBeAbleToLogin -->
</testsuite> <!-- Command line test -->
